[LOG] Manager::init                            : maxchannels = 1024 studioflags = 00000009 flags 00000000 extradriverdata 0000000000000000.
[LOG] SystemI::init                            : FMOD Studio Version: 00010903 (85362)
[LOG] SystemI::init                            : maxchannels = 1024, flags = 00030000, extradriverdata = 0000000000000000
[LOG] SystemI::setOutputInternal               : Setting output to type 0
[LOG] SystemI::setOutputInternal               : Setting output to type 8
[LOG] SystemI::setOutputInternal               : Setting output to type 8
[LOG] OutputWASAPI::init                       : Mix Format (WAVEFORMATEX): wFormatTag=0xFFFE, nChannels=2, nSamplesPerSec=48000, nAvgBytesPerSec=384000, nBlockAlign=8, wBitsPerSample=32, cbSize=22.
[LOG] OutputWASAPI::init                       : Mix Format (WAVEFORMATEXTENSIBLE): wValidBitsPerSample=32, dwChannelMask=0x00000003, SubFormat=00000003-0000-0010-8000-00AA00389B71.
[LOG] OutputWASAPI::init                       : Output buffer size: 4096 samples, latency: 0.00ms, period: 10.00ms, DSP buffer: 1024 * 4
[LOG] SystemI::init                            : Create master channel group and master sound group.
[LOG] SystemI::init                            : Set up emulated output.  1024 channels
[LOG] SystemI::init                            : create the channel pool
[LOG] SystemI::init                            : create the stream thread
[LOG] Thread::initThread                       : Init FMOD stream thread. Priority: 2, Stack Size: 65536, Semaphore: No, Sleep Time: 10, Looping: Yes.
[LOG] SystemI::DSPCodecPoolRegister            : register codec pool for pool type 5
[LOG] Thread::initThread                       : Init FMOD mixer thread. Priority: 3, Stack Size: 49152, Semaphore: No, Sleep Time: 0, Looping: Yes.
[LOG] AsyncManager::init                       : manager 00000000428D5048 isAsync 1 updatePeriod 0.02
[LOG] Thread::initThread                       : Init FMOD Studio update thread. Priority: 0, Stack Size: 65536, Semaphore: No, Sleep Time: 1, Looping: No.
[LOG] AsyncManager::init                       : done
[LOG] PlaybackSystem::init                     : 
[LOG] Thread::initThread                       : Init FMOD Studio sample load thread. Priority: 0, Stack Size: 65536, Semaphore: No, Sleep Time: 1, Looping: No.
[LOG] PlaybackSystem::init                     : done
[LOG] LiveUpdate::init                         : 
[LOG] Thread::initThread                       : Init FMOD Studio bank load thread. Priority: 0, Stack Size: 65536, Semaphore: No, Sleep Time: 1, Looping: No.
[LOG] Manager::init                            : done.
[LOG] Profile::init                            : Profiler listening on port: 9264
[LOG] Manager::readBank                        : fileversion = 88, compatVersion = 86 (oldest = 44, newest = 88)
[LOG] Manager::readBank                        : fileversion = 88, compatVersion = 86 (oldest = 44, newest = 88)
[LOG] PlaybackSystem::acquireMasterBus         : Setting master channel group format to 6
[LOG] SystemI::createSoundInternal             : filename =  : mode 02000202
[LOG] SystemI::createSoundInternal             : exinfo->cbsize             = 232
[LOG] SystemI::createSoundInternal             : exinfo->length             = 19808
[LOG] SystemI::createSoundInternal             : exinfo->fileoffset         = 16448
[LOG] SystemI::createSoundInternal             : exinfo->numsubsounds       = 1
[LOG] SystemI::createSoundInternal             : exinfo->inclusionlist      = 000000005067FBF8
[LOG] SystemI::createSoundInternal             : exinfo->inclusionlistnum   = 1
[LOG] SystemI::createSoundInternal             : exinfo->suggestedsoundtype = 5
[LOG] SystemI::createSoundInternal             : exinfo->useropen           = 00007FF939146BD0
[LOG] SystemI::createSoundInternal             : exinfo->userclose          = 00007FF939146BA0
[LOG] SystemI::createSoundInternal             : exinfo->userread           = 00007FF939146CA0
[LOG] SystemI::createSoundInternal             : exinfo->userseek           = 00007FF939146D50
[LOG] SystemI::createSoundInternal             : exinfo->fileuserdata       = 00000000299791D8
[LOG] SystemI::DSPCodecPoolRegister            : register codec pool for pool type 5
[LOG] SystemI::createSoundInternal             : Format has 1 subsounds.
[LOG] SystemI::createSoundInternal             : Create as FMOD_CREATESAMPLE
[LOG] SystemI::createSoundInternal             : Multi-sample sound (1 subsounds), create a sample container.
[LOG] SystemI::createSoundInternal             : creating subsound 0/1
[LOG] SystemI::createSample                    : mode 02000202 length 4499 samples, lengthbytes 1120
[LOG] SystemI::createSample                    : channels = 2
[LOG] SystemI::createSample                    : output = 0000000029F2B088
[LOG] OutputSoftware::createSample             : lengthpcm 4499, lengthbytes 1120, channels 2, format 2, freq 48000, mode 0200020a
[LOG] SystemI::createSoundInternal             : No name found in file, use filename.
[LOG] SystemI::createSoundInternal             : done.  OpenState now = FMOD_OPENSTATE_READY.

[LOG] SystemI::createSoundInternal             : filename =  : mode 02000202
[LOG] SystemI::createSoundInternal             : exinfo->cbsize             = 232
[LOG] SystemI::createSoundInternal             : exinfo->length             = 19808
[LOG] SystemI::createSoundInternal             : exinfo->fileoffset         = 16448
[LOG] SystemI::createSoundInternal             : exinfo->numsubsounds       = 1
[LOG] SystemI::createSoundInternal             : exinfo->inclusionlist      = 000000005067FBF8
[LOG] SystemI::createSoundInternal             : exinfo->inclusionlistnum   = 1
[LOG] SystemI::createSoundInternal             : exinfo->suggestedsoundtype = 5
[LOG] SystemI::createSoundInternal             : exinfo->useropen           = 00007FF939146BD0
[LOG] SystemI::createSoundInternal             : exinfo->userclose          = 00007FF939146BA0
[LOG] SystemI::createSoundInternal             : exinfo->userread           = 00007FF939146CA0
[LOG] SystemI::createSoundInternal             : exinfo->userseek           = 00007FF939146D50
[LOG] SystemI::createSoundInternal             : exinfo->fileuserdata       = 00000000299791D8
[LOG] SystemI::DSPCodecPoolRegister            : register codec pool for pool type 5
[LOG] SystemI::createSoundInternal             : Format has 1 subsounds.
[LOG] SystemI::createSoundInternal             : Create as FMOD_CREATESAMPLE
[LOG] SystemI::createSoundInternal             : Multi-sample sound (1 subsounds), create a sample container.
[LOG] SystemI::createSoundInternal             : creating subsound 0/1
[LOG] SystemI::createSample                    : mode 02000202 length 4499 samples, lengthbytes 1088
[LOG] SystemI::createSample                    : channels = 2
[LOG] SystemI::createSample                    : output = 0000000029F2B088
[LOG] OutputSoftware::createSample             : lengthpcm 4499, lengthbytes 1088, channels 2, format 2, freq 48000, mode 0200020a
[LOG] SystemI::createSoundInternal             : No name found in file, use filename.
[LOG] SystemI::createSoundInternal             : done.  OpenState now = FMOD_OPENSTATE_READY.

[LOG] SystemI::createSoundInternal             : filename =  : mode 02000202
[LOG] SystemI::createSoundInternal             : exinfo->cbsize             = 232
[LOG] SystemI::createSoundInternal             : exinfo->length             = 19808
[LOG] SystemI::createSoundInternal             : exinfo->fileoffset         = 16448
[LOG] SystemI::createSoundInternal             : exinfo->numsubsounds       = 1
[LOG] SystemI::createSoundInternal             : exinfo->inclusionlist      = 000000005067FBF8
[LOG] SystemI::createSoundInternal             : exinfo->inclusionlistnum   = 1
[LOG] SystemI::createSoundInternal             : exinfo->suggestedsoundtype = 5
[LOG] SystemI::createSoundInternal             : exinfo->useropen           = 00007FF939146BD0
[LOG] SystemI::createSoundInternal             : exinfo->userclose          = 00007FF939146BA0
[LOG] SystemI::createSoundInternal             : exinfo->userread           = 00007FF939146CA0
[LOG] SystemI::createSoundInternal             : exinfo->userseek           = 00007FF939146D50
[LOG] SystemI::createSoundInternal             : exinfo->fileuserdata       = 00000000299791D8
[LOG] SystemI::DSPCodecPoolRegister            : register codec pool for pool type 5
[LOG] SystemI::createSoundInternal             : Format has 1 subsounds.
[LOG] SystemI::createSoundInternal             : Create as FMOD_CREATESAMPLE
[LOG] SystemI::createSoundInternal             : Multi-sample sound (1 subsounds), create a sample container.
[LOG] SystemI::createSoundInternal             : creating subsound 0/1
[LOG] SystemI::createSample                    : mode 02000202 length 4499 samples, lengthbytes 1152
[LOG] SystemI::createSample                    : channels = 2
[LOG] SystemI::createSample                    : output = 0000000029F2B088
[LOG] OutputSoftware::createSample             : lengthpcm 4499, lengthbytes 1152, channels 2, format 2, freq 48000, mode 0200020a
[LOG] SystemI::createSoundInternal             : No name found in file, use filename.
[LOG] SystemI::createSoundInternal             : done.  OpenState now = FMOD_OPENSTATE_READY.

[LOG] SystemI::createSoundInternal             : filename =  : mode 02000202
[LOG] SystemI::createSoundInternal             : exinfo->cbsize             = 232
[LOG] SystemI::createSoundInternal             : exinfo->length             = 19808
[LOG] SystemI::createSoundInternal             : exinfo->fileoffset         = 16448
[LOG] SystemI::createSoundInternal             : exinfo->numsubsounds       = 1
[LOG] SystemI::createSoundInternal             : exinfo->inclusionlist      = 000000005067FBF8
[LOG] SystemI::createSoundInternal             : exinfo->inclusionlistnum   = 1
[LOG] SystemI::createSoundInternal             : exinfo->suggestedsoundtype = 5
[LOG] SystemI::createSoundInternal             : exinfo->useropen           = 00007FF939146BD0
[LOG] SystemI::createSoundInternal             : exinfo->userclose          = 00007FF939146BA0
[LOG] SystemI::createSoundInternal             : exinfo->userread           = 00007FF939146CA0
[LOG] SystemI::createSoundInternal             : exinfo->userseek           = 00007FF939146D50
[LOG] SystemI::createSoundInternal             : exinfo->fileuserdata       = 00000000299791D8
[LOG] SystemI::DSPCodecPoolRegister            : register codec pool for pool type 5
[LOG] SystemI::createSoundInternal             : Format has 1 subsounds.
[LOG] SystemI::createSoundInternal             : Create as FMOD_CREATESAMPLE
[LOG] SystemI::createSoundInternal             : Multi-sample sound (1 subsounds), create a sample container.
[LOG] SystemI::createSoundInternal             : creating subsound 0/1
[LOG] SystemI::createSample                    : mode 02000202 length 4499 samples, lengthbytes 1120
[LOG] SystemI::createSample                    : channels = 2
[LOG] SystemI::createSample                    : output = 0000000029F2B088
[LOG] OutputSoftware::createSample             : lengthpcm 4499, lengthbytes 1120, channels 2, format 2, freq 48000, mode 0200020a
[LOG] SystemI::createSoundInternal             : No name found in file, use filename.
[LOG] SystemI::createSoundInternal             : done.  OpenState now = FMOD_OPENSTATE_READY.

[LOG] SystemI::createSoundInternal             : filename =  : mode 02000202
[LOG] SystemI::createSoundInternal             : exinfo->cbsize             = 232
[LOG] SystemI::createSoundInternal             : exinfo->length             = 19808
[LOG] SystemI::createSoundInternal             : exinfo->fileoffset         = 16448
[LOG] SystemI::createSoundInternal             : exinfo->numsubsounds       = 1
[LOG] SystemI::createSoundInternal             : exinfo->inclusionlist      = 000000005067FBF8
[LOG] SystemI::createSoundInternal             : exinfo->inclusionlistnum   = 1
[LOG] SystemI::createSoundInternal             : exinfo->suggestedsoundtype = 5
[LOG] SystemI::createSoundInternal             : exinfo->useropen           = 00007FF939146BD0
[LOG] SystemI::createSoundInternal             : exinfo->userclose          = 00007FF939146BA0
[LOG] SystemI::createSoundInternal             : exinfo->userread           = 00007FF939146CA0
[LOG] SystemI::createSoundInternal             : exinfo->userseek           = 00007FF939146D50
[LOG] SystemI::createSoundInternal             : exinfo->fileuserdata       = 00000000299791D8
[LOG] SystemI::DSPCodecPoolRegister            : register codec pool for pool type 5
[LOG] SystemI::createSoundInternal             : Format has 1 subsounds.
[LOG] SystemI::createSoundInternal             : Create as FMOD_CREATESAMPLE
[LOG] SystemI::createSoundInternal             : Multi-sample sound (1 subsounds), create a sample container.
[LOG] SystemI::createSoundInternal             : creating subsound 0/1
[LOG] SystemI::createSample                    : mode 02000202 length 4499 samples, lengthbytes 1184
[LOG] SystemI::createSample                    : channels = 2
[LOG] SystemI::createSample                    : output = 0000000029F2B088
[LOG] OutputSoftware::createSample             : lengthpcm 4499, lengthbytes 1184, channels 2, format 2, freq 48000, mode 0200020a
[LOG] SystemI::createSoundInternal             : No name found in file, use filename.
[LOG] SystemI::createSoundInternal             : done.  OpenState now = FMOD_OPENSTATE_READY.

[LOG] SystemI::createSoundInternal             : filename =  : mode 02000202
[LOG] SystemI::createSoundInternal             : exinfo->cbsize             = 232
[LOG] SystemI::createSoundInternal             : exinfo->length             = 19808
[LOG] SystemI::createSoundInternal             : exinfo->fileoffset         = 16448
[LOG] SystemI::createSoundInternal             : exinfo->numsubsounds       = 1
[LOG] SystemI::createSoundInternal             : exinfo->inclusionlist      = 000000005067FBF8
[LOG] SystemI::createSoundInternal             : exinfo->inclusionlistnum   = 1
[LOG] SystemI::createSoundInternal             : exinfo->suggestedsoundtype = 5
[LOG] SystemI::createSoundInternal             : exinfo->useropen           = 00007FF939146BD0
[LOG] SystemI::createSoundInternal             : exinfo->userclose          = 00007FF939146BA0
[LOG] SystemI::createSoundInternal             : exinfo->userread           = 00007FF939146CA0
[LOG] SystemI::createSoundInternal             : exinfo->userseek           = 00007FF939146D50
[LOG] SystemI::createSoundInternal             : exinfo->fileuserdata       = 0000000029979618
[LOG] SystemI::DSPCodecPoolRegister            : register codec pool for pool type 5
[LOG] SystemI::createSoundInternal             : Format has 1 subsounds.
[LOG] SystemI::createSoundInternal             : Create as FMOD_CREATESAMPLE
[LOG] SystemI::createSoundInternal             : Multi-sample sound (1 subsounds), create a sample container.
[LOG] SystemI::createSoundInternal             : creating subsound 0/1
[LOG] SystemI::createSample                    : mode 02000202 length 79500 samples, lengthbytes 9792
[LOG] SystemI::createSample                    : channels = 2
[LOG] SystemI::createSample                    : output = 0000000029F2B088
[LOG] OutputSoftware::createSample             : lengthpcm 79500, lengthbytes 9792, channels 2, format 2, freq 48000, mode 0200020a
[LOG] SystemI::createSoundInternal             : No name found in file, use filename.
[LOG] SystemI::createSoundInternal             : done.  OpenState now = FMOD_OPENSTATE_READY.

[LOG] SoundI::release                          :  (00000000107397F8)
[LOG] SoundI::release                          : release subsounds. (00000000107397F8)
[LOG] SoundI::release                          :     gun_single (000000001072E618)
[LOG] SoundI::release                          :     done
[LOG] SoundI::release                          : release codec. (00000000107397F8)
[LOG] SoundI::release                          : done
[LOG] SoundI::release                          :  (0000000010739238)
[LOG] SoundI::release                          : release subsounds. (0000000010739238)
[LOG] SoundI::release                          :     Step-001 (0000000029871CF8)
[LOG] SoundI::release                          :     done
[LOG] SoundI::release                          : release codec. (0000000010739238)
[LOG] SoundI::release                          : done
[LOG] SoundI::release                          :  (00000000107390C8)
[LOG] SoundI::release                          : release subsounds. (00000000107390C8)
[LOG] SoundI::release                          :     Step-002 (0000000029871198)
[LOG] SoundI::release                          :     done
[LOG] SoundI::release                          : release codec. (00000000107390C8)
[LOG] SoundI::release                          : done
[LOG] SoundI::release                          :  (0000000010739F28)
[LOG] SoundI::release                          : release subsounds. (0000000010739F28)
[LOG] SoundI::release                          :     Step-003 (0000000010787AC8)
[LOG] SoundI::release                          :     done
[LOG] SoundI::release                          : release codec. (0000000010739F28)
[LOG] SoundI::release                          : done
[LOG] SoundI::release                          :  (0000000010738F58)
[LOG] SoundI::release                          : release subsounds. (0000000010738F58)
[LOG] SoundI::release                          :     Step-004 (0000000029871B58)
[LOG] SoundI::release                          :     done
[LOG] SoundI::release                          : release codec. (0000000010738F58)
[LOG] SoundI::release                          : done
[LOG] SoundI::release                          :  (0000000010739688)
[LOG] SoundI::release                          : release subsounds. (0000000010739688)
[LOG] SoundI::release                          :     Step-005 (0000000010788B08)
[LOG] SoundI::release                          :     done
[LOG] SoundI::release                          : release codec. (0000000010739688)
[LOG] SoundI::release                          : done
[LOG] Thread::callback                         : FMOD Studio update thread finished.
[LOG] Thread::callback                         : FMOD Studio bank load thread finished.
[LOG] Profile::disconnectAll                   : Profiler disconnecting all clients
[LOG] Thread::callback                         : FMOD Studio sample load thread finished.
[LOG] LiveUpdate::release                      : 
[LOG] LiveUpdate::reset                        : Reset connection (reason Disconnected)
[LOG] SystemI::close                           : 
[LOG] SystemI::close                           : Stop all sounds
[LOG] Thread::callback                         : FMOD stream thread finished.
[LOG] SystemI::close                           : Stream thread destroyed
[LOG] Thread::callback                         : FMOD mixer thread finished.
[LOG] SystemI::close                           : Free master channel group.
[LOG] SystemI::close                           : Remove 'master' sound group.
[LOG] SystemI::close                           : Free software output.
[LOG] SystemI::close                           : Free emulated output.
[LOG] SystemI::close                           : Free channel pool.
[LOG] SystemI::close                           : done.

